<?xml version="1.0" encoding="UTF-8"?>
<!-- Generated by org.testng.reporters.JUnitReportReporter -->
<testsuite hostname="nehla" failures="0" tests="1" name="testngpkg.Loginvalidation" time="3.644" errors="0" timestamp="2024-10-28T15:19:28 IST" skipped="0">
  <testcase classname="testngpkg.Loginvalidation" name="test" time="3.644"/>
  <system-out/>
</testsuite> <!-- testngpkg.Loginvalidation -->
