<?xml version="1.0" encoding="UTF-8"?>
<!-- Generated by org.testng.reporters.JUnitReportReporter -->
<testsuite hostname="nehla" failures="0" tests="1" name="testngpkg.Copypaste" time="0.561" errors="0" timestamp="2024-10-23T14:08:10 IST" skipped="0">
  <testcase classname="testngpkg.Copypaste" name="test" time="0.561"/>
  <system-out/>
</testsuite> <!-- testngpkg.Copypaste -->
