<?xml version="1.0" encoding="UTF-8"?>
<!-- Generated by org.testng.reporters.JUnitReportReporter -->
<testsuite hostname="nehla" failures="0" tests="1" name="test.Fblogintest" time="0.204" errors="0" timestamp="2024-11-04T12:21:55 IST" skipped="0">
  <testcase classname="test.Fblogintest" name="testlogin" time="0.204"/>
  <system-out/>
</testsuite> <!-- test.Fblogintest -->
