<?xml version="1.0" encoding="UTF-8"?>
<!-- Generated by org.testng.reporters.JUnitReportReporter -->
<testsuite hostname="nehla" failures="0" tests="3" name="testngpkg.Crossbrowsertesting" time="7.481" errors="0" timestamp="2024-10-22T15:35:09 IST" skipped="0">
  <testcase classname="testngpkg.Crossbrowsertesting" name="test" time="2.061"/>
  <system-out/>
  <testcase classname="testngpkg.Crossbrowsertesting" name="test" time="3.128"/>
  <system-out/>
  <testcase classname="testngpkg.Crossbrowsertesting" name="test" time="2.292"/>
  <system-out/>
</testsuite> <!-- testngpkg.Crossbrowsertesting -->
