<?xml version="1.0" encoding="UTF-8"?>
<!-- Generated by org.testng.reporters.JUnitReportReporter -->
<testsuite hostname="nehla" failures="0" tests="1" name="testngpkg.Fileuploadrobot" time="4.390" errors="0" timestamp="2024-11-03T00:21:15 IST" skipped="0">
  <testcase classname="testngpkg.Fileuploadrobot" name="fileuploadpgm" time="4.390"/>
  <system-out/>
</testsuite> <!-- testngpkg.Fileuploadrobot -->
