<?xml version="1.0" encoding="UTF-8"?>
<!-- Generated by org.testng.reporters.JUnitReportReporter -->
<testsuite hostname="nehla" failures="0" tests="1" name="testngpkg.Fileupload" time="0.227" errors="0" timestamp="2024-11-02T23:51:51 IST" skipped="0">
  <testcase classname="testngpkg.Fileupload" name="test" time="0.227"/>
  <system-out/>
</testsuite> <!-- testngpkg.Fileupload -->
