<?xml version="1.0" encoding="UTF-8"?>
<!-- Generated by org.testng.reporters.JUnitReportReporter -->
<testsuite hostname="nehla" failures="0" tests="1" name="testngpkg.Demoguru" time="5.071" errors="0" timestamp="2024-10-23T15:32:18 IST" skipped="0">
  <testcase classname="testngpkg.Demoguru" name="test" time="5.071"/>
  <system-out/>
</testsuite> <!-- testngpkg.Demoguru -->
