<?xml version="1.0" encoding="UTF-8"?>
<!-- Generated by org.testng.reporters.JUnitReportReporter -->
<testsuite hostname="nehla" failures="0" tests="1" name="testngpkg.Windowdetails" time="3.530" errors="0" timestamp="2024-11-06T14:17:04 IST" skipped="0">
  <testcase classname="testngpkg.Windowdetails" name="test" time="3.530"/>
  <system-out/>
</testsuite> <!-- testngpkg.Windowdetails -->
