<?xml version="1.0" encoding="UTF-8"?>
<!-- Generated by org.testng.reporters.JUnitReportReporter -->
<testsuite hostname="nehla" failures="0" tests="1" name="testngpkg.Datepicker" time="1.112" errors="0" timestamp="2024-11-04T11:47:56 IST" skipped="0">
  <testcase classname="testngpkg.Datepicker" name="datepicker" time="1.112"/>
  <system-out/>
</testsuite> <!-- testngpkg.Datepicker -->
