<?xml version="1.0" encoding="UTF-8"?>
<!-- Generated by org.testng.reporters.JUnitReportReporter -->
<testsuite hostname="nehla" failures="0" tests="1" name="testngpkg.Ebay" time="2.956" errors="0" timestamp="2024-10-24T14:21:48 IST" skipped="0">
  <testcase classname="testngpkg.Ebay" name="test" time="2.956"/>
  <system-out/>
</testsuite> <!-- testngpkg.Ebay -->
